Fri Jul 24 07:19:05 2026 - 📡 بررسی اتصال اینترنت...
Fri Jul 24 07:19:05 2026 - ✔ اینترنت برقرار است.
Fri Jul 24 07:19:05 2026 - 🔍 بررسی نصب بودن Git...
Fri Jul 24 07:19:05 2026 - >>> git --version
Fri Jul 24 07:19:05 2026 - ✔ Git نصب است.
Fri Jul 24 07:19:05 2026 - ✔ پوشه دارای گیت است → بررسی سلامت...
Fri Jul 24 07:19:05 2026 - >>> git status
Fri Jul 24 07:19:05 2026 - 🔗 تنظیم ریموت origin...
Fri Jul 24 07:19:05 2026 - >>> git remote remove origin
Fri Jul 24 07:19:06 2026 - >>> git remote add origin https://github.com/mehdi789k/Smart-Tred
Fri Jul 24 07:19:06 2026 - ✔ ریموت origin تنظیم شد.
Fri Jul 24 07:19:06 2026 - 📌 بررسی برنچ فعلی...
Fri Jul 24 07:19:06 2026 - ✔ برنچ فعلی: main
Fri Jul 24 07:19:06 2026 - 📦 بررسی فایل‌های بزرگ برای Git LFS...
Fri Jul 24 07:19:13 2026 - ⚠ فایل‌های بزرگ شناسایی شدند → فعال‌سازی Git LFS
Fri Jul 24 07:19:13 2026 - >>> git lfs install
Fri Jul 24 07:19:13 2026 - >>> git lfs track ".\.git\objects\pack\pack-ec70394c088d242af36a9108de84c38bb37c3e2c.pack"
Fri Jul 24 07:19:14 2026 - >>> git add .
Fri Jul 24 07:19:15 2026 - ✔ Git LFS فعال شد.
Fri Jul 24 07:19:15 2026 - 📌 اضافه کردن همه فایل‌ها...
Fri Jul 24 07:19:15 2026 - >>> git add .
